<?xml version="1.0" encoding="UTF-8"?>
<robot generator="Robot 3.1.2 (Python 3.8.1 on win32)" generated="20200807 16:40:23.577" rpa="false">
<suite id="s1" name="Nav" source="G:\qaninja\appium-robot-twp\nav.robot">
<test id="s1-t1" name="Deve acessar a página Dialogs">
<kw name="Set Appium Timeout" library="AppiumLibrary">
<doc>Sets the timeout in seconds used by various keywords.</doc>
<arguments>
<arg>5</arg>
</arguments>
<status status="PASS" starttime="20200807 16:40:24.344" endtime="20200807 16:40:24.344"></status>
</kw>
<kw name="Open Application" library="AppiumLibrary">
<doc>Opens a new application to given Appium server.
Capabilities of appium server, Android and iOS,
Please check https://github.com/appium/appium/blob/master/docs/en/writing-running-appium/server-args.md
| *Option*            | *Man.* | *Description*     |
| remote_url          | Yes    | Appium server url |
| alias               | no     | alias             |</doc>
<arguments>
<arg>http://localhost:4723/wd/hub</arg>
<arg>automationName=uiautomator2</arg>
<arg>platformName=Android</arg>
<arg>deviceName=Pixel 2 API 28</arg>
<arg>app=${EXECDIR}/app/twp.apk</arg>
</arguments>
<status status="PASS" starttime="20200807 16:40:24.345" endtime="20200807 16:40:56.625"></status>
</kw>
<kw name="Wait Until Page Contains" library="AppiumLibrary">
<doc>Waits until `text` appears on current page.</doc>
<arguments>
<arg>COMEÇAR</arg>
</arguments>
<status status="PASS" starttime="20200807 16:40:56.626" endtime="20200807 16:40:59.955"></status>
</kw>
<kw name="Click Text" library="AppiumLibrary">
<doc>Click text identified by ``text``.</doc>
<arguments>
<arg>COMEÇAR</arg>
</arguments>
<status status="PASS" starttime="20200807 16:40:59.956" endtime="20200807 16:41:01.180"></status>
</kw>
<kw name="Wait Until Element Is Visible" library="AppiumLibrary">
<doc>Waits until element specified with `locator` is visible.</doc>
<arguments>
<arg>xpath=//android.widget.ImageButton[@content-desc="Open navigation drawer"]</arg>
</arguments>
<status status="PASS" starttime="20200807 16:41:01.181" endtime="20200807 16:41:03.779"></status>
</kw>
<kw name="Click Element" library="AppiumLibrary">
<doc>Click element identified by `locator`.</doc>
<arguments>
<arg>xpath=//android.widget.ImageButton[@content-desc="Open navigation drawer"]</arg>
</arguments>
<msg timestamp="20200807 16:41:03.792" level="INFO">Clicking element 'xpath=//android.widget.ImageButton[@content-desc="Open navigation drawer"]'.</msg>
<status status="PASS" starttime="20200807 16:41:03.787" endtime="20200807 16:41:04.077"></status>
</kw>
<kw name="Wait Until Element Is Visible" library="AppiumLibrary">
<doc>Waits until element specified with `locator` is visible.</doc>
<arguments>
<arg>id=io.qaninja.android.twp:id/navView</arg>
</arguments>
<status status="PASS" starttime="20200807 16:41:04.080" endtime="20200807 16:41:05.070"></status>
</kw>
<kw name="Click Text" library="AppiumLibrary">
<doc>Click text identified by ``text``.</doc>
<arguments>
<arg>DIALOGS</arg>
</arguments>
<status status="PASS" starttime="20200807 16:41:05.072" endtime="20200807 16:41:05.654"></status>
</kw>
<kw name="Wait Until Element Is Visible" library="AppiumLibrary">
<doc>Waits until element specified with `locator` is visible.</doc>
<arguments>
<arg>id=io.qaninja.android.twp:id/toolbarTitle</arg>
</arguments>
<status status="PASS" starttime="20200807 16:41:05.657" endtime="20200807 16:41:06.613"></status>
</kw>
<kw name="Element Text Should Be" library="AppiumLibrary">
<doc>Verifies element identified by ``locator`` exactly contains text ``expected``.</doc>
<arguments>
<arg>id=io.qaninja.android.twp:id/toolbarTitle</arg>
<arg>DIALOGS</arg>
</arguments>
<msg timestamp="20200807 16:41:06.618" level="INFO">Verifying element 'id=io.qaninja.android.twp:id/toolbarTitle' contains exactly text 'DIALOGS'.</msg>
<status status="PASS" starttime="20200807 16:41:06.616" endtime="20200807 16:41:06.682"></status>
</kw>
<kw name="Close Application" library="AppiumLibrary">
<doc>Closes the current application and also close webdriver session.</doc>
<status status="PASS" starttime="20200807 16:41:06.683" endtime="20200807 16:41:07.968"></status>
</kw>
<status status="PASS" starttime="20200807 16:40:24.342" endtime="20200807 16:41:07.970" critical="yes"></status>
</test>
<test id="s1-t2" name="Deve acessar a tela de formulários">
<kw name="Set Appium Timeout" library="AppiumLibrary">
<doc>Sets the timeout in seconds used by various keywords.</doc>
<arguments>
<arg>5</arg>
</arguments>
<status status="PASS" starttime="20200807 16:41:07.973" endtime="20200807 16:41:07.974"></status>
</kw>
<kw name="Open Application" library="AppiumLibrary">
<doc>Opens a new application to given Appium server.
Capabilities of appium server, Android and iOS,
Please check https://github.com/appium/appium/blob/master/docs/en/writing-running-appium/server-args.md
| *Option*            | *Man.* | *Description*     |
| remote_url          | Yes    | Appium server url |
| alias               | no     | alias             |</doc>
<arguments>
<arg>http://localhost:4723/wd/hub</arg>
<arg>automationName=uiautomator2</arg>
<arg>platformName=Android</arg>
<arg>deviceName=Pixel 2 API 28</arg>
<arg>app=${EXECDIR}/app/twp.apk</arg>
</arguments>
<kw name="Capture Page Screenshot" library="AppiumLibrary">
<doc>Takes a screenshot of the current page and embeds it into the log.</doc>
<msg timestamp="20200807 16:41:58.690" level="FAIL">No application is open</msg>
<status status="FAIL" starttime="20200807 16:41:58.638" endtime="20200807 16:41:58.690"></status>
</kw>
<msg timestamp="20200807 16:41:58.692" level="WARN">Keyword 'Capture Page Screenshot' could not be run on failure: No application is open</msg>
<msg timestamp="20200807 16:41:58.764" level="FAIL">WebDriverException: Message: An unknown server-side error occurred while processing the command. Original error: Cannot start the 'io.qaninja.android.twp' application. Visit https://github.com/appium/appium/blob/master/docs/en/writing-running-appium/android/activity-startup.md for troubleshooting. Original error: 'io.qaninja.android.twp.components.base.SplashActivity' or 'io.qaninja.android.twp.io.qaninja.android.twp.components.base.SplashActivity' never started. Visit https://github.com/appium/appium/blob/master/docs/en/writing-running-appium/android/activity-startup.md for troubleshooting
</msg>
<status status="FAIL" starttime="20200807 16:41:07.975" endtime="20200807 16:41:58.765"></status>
</kw>
<status status="FAIL" starttime="20200807 16:41:07.972" endtime="20200807 16:41:58.766" critical="yes">WebDriverException: Message: An unknown server-side error occurred while processing the command. Original error: Cannot start the 'io.qaninja.android.twp' application. Visit https://github.com/appium/appium/blob/master/docs/en/writing-running-appium/android/activity-startup.md for troubleshooting. Original error: 'io.qaninja.android.twp.components.base.SplashActivity' or 'io.qaninja.android.twp.io.qaninja.android.twp.components.base.SplashActivity' never started. Visit https://github.com/appium/appium/blob/master/docs/en/writing-running-appium/android/activity-startup.md for troubleshooting
</status>
</test>
<status status="FAIL" starttime="20200807 16:40:23.582" endtime="20200807 16:41:58.775"></status>
</suite>
<statistics>
<total>
<stat pass="1" fail="1">Critical Tests</stat>
<stat pass="1" fail="1">All Tests</stat>
</total>
<tag>
</tag>
<suite>
<stat pass="1" fail="1" id="s1" name="Nav">Nav</stat>
</suite>
</statistics>
<errors>
<msg timestamp="20200807 16:41:58.692" level="WARN">Keyword 'Capture Page Screenshot' could not be run on failure: No application is open</msg>
</errors>
</robot>
